node:internal/modules/cjs/loader:1143
  throw err;
  ^

Error: Cannot find module './seedRealData.ts'
Require stack:
- /Users/sanidhyakumar/Documents/ey-techathon-pharmaceutical/prisma/imaginaryUncacheableRequireResolveScript
    at Module._resolveFilename (node:internal/modules/cjs/loader:1140:15)
    at Function.resolve (node:internal/modules/helpers:188:19)
    at requireResolveNonCached (/Users/sanidhyakumar/.npm/_npx/1bf7c3c15bf47d04/node_modules/ts-node/dist/bin.js:549:16)
    at getProjectSearchDir (/Users/sanidhyakumar/.npm/_npx/1bf7c3c15bf47d04/node_modules/ts-node/dist/bin.js:519:40)
    at phase3 (/Users/sanidhyakumar/.npm/_npx/1bf7c3c15bf47d04/node_modules/ts-node/dist/bin.js:267:27)
    at bootstrap (/Users/sanidhyakumar/.npm/_npx/1bf7c3c15bf47d04/node_modules/ts-node/dist/bin.js:47:30)
    at main (/Users/sanidhyakumar/.npm/_npx/1bf7c3c15bf47d04/node_modules/ts-node/dist/bin.js:33:12)
    at Object.<anonymous> (/Users/sanidhyakumar/.npm/_npx/1bf7c3c15bf47d04/node_modules/ts-node/dist/bin.js:579:5)
    at Module._compile (node:internal/modules/cjs/loader:1364:14)
    at Module._extensions..js (node:internal/modules/cjs/loader:1422:10) {
  code: 'MODULE_NOT_FOUND',
  requireStack: [
    '/Users/sanidhyakumar/Documents/ey-techathon-pharmaceutical/prisma/imaginaryUncacheableRequireResolveScript'
  ]
}

Node.js v18.20.8
